-------------------------------------------------------------------------------
Test set: com.example.demo.TelaAppApplicationTests
-------------------------------------------------------------------------------
Tests run: 1, Failures: 0, Errors: 1, Skipped: 0, Time elapsed: 10.436 s <<< FAILURE! - in com.example.demo.TelaAppApplicationTests
contextLoads  Time elapsed: 0.026 s  <<< ERROR!
java.lang.IllegalStateException: Failed to load ApplicationContext for [WebMergedContextConfiguration@5edaa572 testClass = com.example.demo.TelaAppApplicationTests, locations = [], classes = [com.example.demo.TelaAppApplication], contextInitializerClasses = [], activeProfiles = [], propertySourceLocations = [], propertySourceProperties = ["org.springframework.boot.test.context.SpringBootTestContextBootstrapper=true"], contextCustomizers = [org.springframework.boot.test.context.filter.ExcludeFilterContextCustomizer@7d898981, org.springframework.boot.test.json.DuplicateJsonObjectContextCustomizerFactory$DuplicateJsonObjectContextCustomizer@6c0d7c83, org.springframework.boot.test.mock.mockito.MockitoContextCustomizer@0, org.springframework.boot.test.web.client.TestRestTemplateContextCustomizer@d278d2b, org.springframework.boot.test.autoconfigure.actuate.observability.ObservabilityContextCustomizerFactory$DisableObservabilityContextCustomizer@9da1, org.springframework.boot.test.autoconfigure.properties.PropertyMappingContextCustomizer@0, org.springframework.boot.test.autoconfigure.web.servlet.WebDriverContextCustomizerFactory$Customizer@20ca951f, org.springframework.boot.test.context.SpringBootTestAnnotation@248bfb44], resourceBasePath = "src/main/webapp", contextLoader = org.springframework.boot.test.context.SpringBootContextLoader, parent = null]
Caused by: org.springframework.beans.factory.UnsatisfiedDependencyException: Error creating bean with name 'controller': Unsatisfied dependency expressed through field 'ob': Error creating bean with name 'userDaoService': Unsatisfied dependency expressed through field 'users': Error creating bean with name 'userRepository' defined in com.example.demo.repository.UserRepository defined in @EnableJpaRepositories declared on JpaRepositoriesRegistrar.EnableJpaRepositoriesConfiguration: Could not create query for public abstract void com.example.demo.repository.UserRepository.deleteByUserName(java.lang.String); Reason: Validation failed for query for method public abstract void com.example.demo.repository.UserRepository.deleteByUserName(java.lang.String)
Caused by: org.springframework.beans.factory.UnsatisfiedDependencyException: Error creating bean with name 'userDaoService': Unsatisfied dependency expressed through field 'users': Error creating bean with name 'userRepository' defined in com.example.demo.repository.UserRepository defined in @EnableJpaRepositories declared on JpaRepositoriesRegistrar.EnableJpaRepositoriesConfiguration: Could not create query for public abstract void com.example.demo.repository.UserRepository.deleteByUserName(java.lang.String); Reason: Validation failed for query for method public abstract void com.example.demo.repository.UserRepository.deleteByUserName(java.lang.String)
Caused by: org.springframework.beans.factory.BeanCreationException: Error creating bean with name 'userRepository' defined in com.example.demo.repository.UserRepository defined in @EnableJpaRepositories declared on JpaRepositoriesRegistrar.EnableJpaRepositoriesConfiguration: Could not create query for public abstract void com.example.demo.repository.UserRepository.deleteByUserName(java.lang.String); Reason: Validation failed for query for method public abstract void com.example.demo.repository.UserRepository.deleteByUserName(java.lang.String)
Caused by: org.springframework.data.repository.query.QueryCreationException: Could not create query for public abstract void com.example.demo.repository.UserRepository.deleteByUserName(java.lang.String); Reason: Validation failed for query for method public abstract void com.example.demo.repository.UserRepository.deleteByUserName(java.lang.String)
Caused by: java.lang.IllegalArgumentException: Validation failed for query for method public abstract void com.example.demo.repository.UserRepository.deleteByUserName(java.lang.String)
Caused by: java.lang.IllegalArgumentException: org.hibernate.query.sqm.UnknownEntityException: Could not resolve target entity 'users'
Caused by: org.hibernate.query.sqm.UnknownEntityException: Could not resolve target entity 'users'

